DeDup/feature/voice-storage/build/intermediates/manifest_merge_blame_file/debug/processDebugManifest/manifest-merger-blame-debug-report.txt
1<?xml version="1.0" encoding="utf-8"?>
2<manifest xmlns:android="http://schemas.android.com/apk/res/android"
3    package="com.rp.dedup.feature.voicestorage" >
4
5    <uses-sdk android:minSdkVersion="24" />
5-->INJECTED
5-->INJECTED
6
7    <uses-permission android:name="android.permission.RECORD_AUDIO" />
7-->src/main/AndroidManifest.xml:3:5-71
7-->src/main/AndroidManifest.xml:3:22-68
8
9</manifest>